<?xml version="1.0" encoding="UTF-8"?>
<!-- Generated by org.testng.reporters.JUnitReportReporter -->
<testsuite ignored="0" hostname="Birajdar" failures="0" tests="1" name="com.learnautomation.Testcases.LogintestCRM" time="84.590" errors="0" timestamp="17 Jan 2021 07:20:57 GMT" skipped="0">
  <testcase classname="com.learnautomation.Testcases.LogintestCRM" name="loginApp" time="84.590"/>
</testsuite> <!-- com.learnautomation.Testcases.LogintestCRM -->
